<?xml version="1.0" encoding="UTF-8"?>
<testng-results skipped="0" failed="0" total="1" passed="1">
  <reporter-output>
  </reporter-output>
  <suite name="Default suite" duration-ms="156" started-at="2021-12-13T09:49:51Z" finished-at="2021-12-13T09:49:51Z">
    <groups>
    </groups>
    <test name="Default test" duration-ms="156" started-at="2021-12-13T09:49:51Z" finished-at="2021-12-13T09:49:51Z">
      <class name="JenkinPratice.JenkinDemoTest">
        <test-method status="PASS" signature="jenkinDemo()[pri:0, instance:JenkinPratice.JenkinDemoTest@6979e8cb]" name="jenkinDemo" duration-ms="94" started-at="2021-12-13T01:49:51Z" finished-at="2021-12-13T01:49:51Z">
          <reporter-output>
          </reporter-output>
        </test-method> <!-- jenkinDemo -->
      </class> <!-- JenkinPratice.JenkinDemoTest -->
    </test> <!-- Default test -->
  </suite> <!-- Default suite -->
</testng-results>
