<?xml version="1.0" encoding="UTF-8"?>
<testng-results skipped="0" failed="0" total="1" passed="1">
  <reporter-output>
  </reporter-output>
  <suite name="Default suite" duration-ms="250" started-at="2021-12-13T09:07:52Z" finished-at="2021-12-13T09:07:52Z">
    <groups>
    </groups>
    <test name="Default test" duration-ms="250" started-at="2021-12-13T09:07:52Z" finished-at="2021-12-13T09:07:52Z">
      <class name="JenkinPratice.JenkinDemo">
        <test-method status="PASS" signature="jenkinDemo()[pri:0, instance:JenkinPratice.JenkinDemo@6979e8cb]" name="jenkinDemo" duration-ms="141" started-at="2021-12-13T01:07:52Z" finished-at="2021-12-13T01:07:52Z">
          <reporter-output>
          </reporter-output>
        </test-method> <!-- jenkinDemo -->
      </class> <!-- JenkinPratice.JenkinDemo -->
    </test> <!-- Default test -->
  </suite> <!-- Default suite -->
</testng-results>
